Build started 11/18/2018 9:27:57 PM.
     1>Project "C:\wdl-ol\IPlugExamples\Metamorpho\Metamorpho-app.vcxproj" on node 2 (Build target(s)).
     1>ClCompile:
         C:\Program Files (x86)\Microsoft Visual Studio 12.0\VC\bin\CL.exe /c /I..\..\ASIO_SDK /I..\..\WDL\rtaudiomidi /I"C:\wdl-ol\IPlugExamples\Metamorpho\\..\..\..\MyDSP\\" /I..\..\WDL /I..\..\WDL\lice /I..\..\WDL\IPlug /Zi /nologo /W3 /WX- /MP /O2 /Oi /Ot /Oy- /GL /D SA_API /D __WINDOWS_DS__ /D __WINDOWS_MM__ /D __WINDOWS_ASIO__ /D NDEBUG /D WIN32 /D _CRT_SECURE_NO_DEPRECATE /D _CRT_NONSTDC_NO_DEPRECATE /D _MBCS /Gm- /EHsc /MT /GS /Gy /arch:SSE2 /fp:precise /Zc:wchar_t /Zc:forScope /Fo"build-win\app\Win32\Release\\" /Fd"build-win\app\Win32\Release\vc120.pdb" /Gd /TP /wd4996 /wd4250 /wd4018 /wd4267 /analyze- /errorReport:prompt ..\..\ASIO_SDK\asio.cpp ..\..\ASIO_SDK\asiodrivers.cpp ..\..\ASIO_SDK\asiolist.cpp ..\..\WDL\IPlug\IPlugStandalone.cpp ..\..\WDL\rtaudiomidi\RtAudio.cpp ..\..\WDL\rtaudiomidi\RtMidi.cpp app_wrapper\app_dialog.cpp app_wrapper\app_main.cpp EnvelopeGenerator.cpp Filter.cpp Metamorpho.cpp MIDIReceiver.cpp Oscillator.cpp Voice.cpp VoiceManager.cpp
         asio.cpp
         asiodrivers.cpp
         asiolist.cpp
         IPlugStandalone.cpp
         RtAudio.cpp
         RtMidi.cpp
         app_dialog.cpp
         app_main.cpp
     1>c:\wdl-ol\iplugexamples\metamorpho\app_wrapper\../Metamorpho.h(9): warning C4068: unknown pragma (app_wrapper\app_dialog.cpp)
     1>c:\wdl-ol\iplugexamples\metamorpho\app_wrapper\../Metamorpho.h(10): warning C4068: unknown pragma (app_wrapper\app_dialog.cpp)
     1>c:\wdl-ol\iplugexamples\metamorpho\resource.h(64): warning C4005: 'PLUG_IS_INST' : macro redefinition (app_wrapper\app_dialog.cpp)
                 c:\wdl-ol\iplugexamples\metamorpho\resource.h(55) : see previous definition of 'PLUG_IS_INST'
     1>c:\wdl-ol\iplugexamples\metamorpho\resource.h(67): warning C4005: 'PLUG_DOES_MIDI' : macro redefinition (app_wrapper\app_dialog.cpp)
                 c:\wdl-ol\iplugexamples\metamorpho\resource.h(61) : see previous definition of 'PLUG_DOES_MIDI'
     1>c:\wdl-ol\iplugexamples\metamorpho\resource.h(99): warning C4005: 'EFFECT_TYPE_VST3' : macro redefinition (app_wrapper\app_dialog.cpp)
                 c:\wdl-ol\iplugexamples\metamorpho\resource.h(58) : see previous definition of 'EFFECT_TYPE_VST3'
     1>c:\wdl-ol\iplugexamples\metamorpho\app_wrapper\../Metamorpho.h(12): warning C4068: unknown pragma (app_wrapper\app_dialog.cpp)
     1>c:\wdl-ol\iplugexamples\metamorpho\MidiReceiver.h(4): warning C4068: unknown pragma (app_wrapper\app_dialog.cpp)
     1>c:\wdl-ol\iplugexamples\metamorpho\MidiReceiver.h(5): warning C4068: unknown pragma (app_wrapper\app_dialog.cpp)
     1>c:\wdl-ol\iplugexamples\metamorpho\MidiReceiver.h(7): warning C4068: unknown pragma (app_wrapper\app_dialog.cpp)
     1>c:\wdl-ol\iplugexamples\metamorpho\app_wrapper\../Metamorpho.h(9): warning C4068: unknown pragma (app_wrapper\app_main.cpp)
     1>c:\wdl-ol\iplugexamples\metamorpho\app_wrapper\../Metamorpho.h(10): warning C4068: unknown pragma (app_wrapper\app_main.cpp)
     1>c:\wdl-ol\iplugexamples\metamorpho\resource.h(64): warning C4005: 'PLUG_IS_INST' : macro redefinition (app_wrapper\app_main.cpp)
                 c:\wdl-ol\iplugexamples\metamorpho\resource.h(55) : see previous definition of 'PLUG_IS_INST'
     1>c:\wdl-ol\iplugexamples\metamorpho\resource.h(67): warning C4005: 'PLUG_DOES_MIDI' : macro redefinition (app_wrapper\app_main.cpp)
                 c:\wdl-ol\iplugexamples\metamorpho\resource.h(61) : see previous definition of 'PLUG_DOES_MIDI'
     1>c:\wdl-ol\iplugexamples\metamorpho\resource.h(99): warning C4005: 'EFFECT_TYPE_VST3' : macro redefinition (app_wrapper\app_main.cpp)
                 c:\wdl-ol\iplugexamples\metamorpho\resource.h(58) : see previous definition of 'EFFECT_TYPE_VST3'
         EnvelopeGenerator.cpp
     1>c:\wdl-ol\iplugexamples\metamorpho\app_wrapper\../Metamorpho.h(12): warning C4068: unknown pragma (app_wrapper\app_main.cpp)
     1>c:\wdl-ol\iplugexamples\metamorpho\MidiReceiver.h(4): warning C4068: unknown pragma (app_wrapper\app_main.cpp)
     1>c:\wdl-ol\iplugexamples\metamorpho\MidiReceiver.h(5): warning C4068: unknown pragma (app_wrapper\app_main.cpp)
     1>c:\wdl-ol\iplugexamples\metamorpho\MidiReceiver.h(7): warning C4068: unknown pragma (app_wrapper\app_main.cpp)
     1>EnvelopeGenerator.cpp(49): warning C4244: '=' : conversion from 'double' to 'unsigned __int64', possible loss of data
     1>EnvelopeGenerator.cpp(112): warning C4244: 'initializing' : conversion from 'double' to 'unsigned __int64', possible loss of data
         Filter.cpp
         Metamorpho.cpp
     1>c:\wdl-ol\iplugexamples\metamorpho\Metamorpho.h(9): warning C4068: unknown pragma (Metamorpho.cpp)
     1>c:\wdl-ol\iplugexamples\metamorpho\Metamorpho.h(10): warning C4068: unknown pragma (Metamorpho.cpp)
     1>c:\wdl-ol\iplugexamples\metamorpho\resource.h(64): warning C4005: 'PLUG_IS_INST' : macro redefinition (Metamorpho.cpp)
                 c:\wdl-ol\iplugexamples\metamorpho\resource.h(55) : see previous definition of 'PLUG_IS_INST'
     1>c:\wdl-ol\iplugexamples\metamorpho\resource.h(67): warning C4005: 'PLUG_DOES_MIDI' : macro redefinition (Metamorpho.cpp)
                 c:\wdl-ol\iplugexamples\metamorpho\resource.h(61) : see previous definition of 'PLUG_DOES_MIDI'
     1>c:\wdl-ol\iplugexamples\metamorpho\resource.h(99): warning C4005: 'EFFECT_TYPE_VST3' : macro redefinition (Metamorpho.cpp)
                 c:\wdl-ol\iplugexamples\metamorpho\resource.h(58) : see previous definition of 'EFFECT_TYPE_VST3'
         MIDIReceiver.cpp
     1>c:\wdl-ol\iplugexamples\metamorpho\MIDIReceiver.h(4): warning C4068: unknown pragma (MIDIReceiver.cpp)
     1>c:\wdl-ol\iplugexamples\metamorpho\MIDIReceiver.h(5): warning C4068: unknown pragma (MIDIReceiver.cpp)
     1>c:\wdl-ol\iplugexamples\metamorpho\resource.h(64): warning C4005: 'PLUG_IS_INST' : macro redefinition (MIDIReceiver.cpp)
                 c:\wdl-ol\iplugexamples\metamorpho\resource.h(55) : see previous definition of 'PLUG_IS_INST'
     1>c:\wdl-ol\iplugexamples\metamorpho\resource.h(67): warning C4005: 'PLUG_DOES_MIDI' : macro redefinition (MIDIReceiver.cpp)
                 c:\wdl-ol\iplugexamples\metamorpho\resource.h(61) : see previous definition of 'PLUG_DOES_MIDI'
     1>c:\wdl-ol\iplugexamples\metamorpho\resource.h(99): warning C4005: 'EFFECT_TYPE_VST3' : macro redefinition (MIDIReceiver.cpp)
                 c:\wdl-ol\iplugexamples\metamorpho\resource.h(58) : see previous definition of 'EFFECT_TYPE_VST3'
     1>c:\wdl-ol\iplugexamples\metamorpho\Metamorpho.h(12): warning C4068: unknown pragma (Metamorpho.cpp)
     1>c:\wdl-ol\iplugexamples\metamorpho\MidiReceiver.h(4): warning C4068: unknown pragma (Metamorpho.cpp)
     1>c:\wdl-ol\iplugexamples\metamorpho\MidiReceiver.h(5): warning C4068: unknown pragma (Metamorpho.cpp)
     1>c:\wdl-ol\iplugexamples\metamorpho\MidiReceiver.h(7): warning C4068: unknown pragma (Metamorpho.cpp)
     1>Metamorpho.cpp(10): warning C4068: unknown pragma
     1>Metamorpho.cpp(11): warning C4068: unknown pragma
     1>Metamorpho.cpp(13): warning C4068: unknown pragma
     1>c:\wdl-ol\iplugexamples\metamorpho\resource.h(55): warning C4005: 'PLUG_IS_INST' : macro redefinition (Metamorpho.cpp)
                 c:\wdl-ol\iplugexamples\metamorpho\resource.h(64) : see previous definition of 'PLUG_IS_INST'
     1>c:\wdl-ol\iplugexamples\metamorpho\resource.h(58): warning C4005: 'EFFECT_TYPE_VST3' : macro redefinition (Metamorpho.cpp)
                 c:\wdl-ol\iplugexamples\metamorpho\resource.h(99) : see previous definition of 'EFFECT_TYPE_VST3'
     1>c:\wdl-ol\iplugexamples\metamorpho\resource.h(61): warning C4005: 'PLUG_DOES_MIDI' : macro redefinition (Metamorpho.cpp)
                 c:\wdl-ol\iplugexamples\metamorpho\resource.h(67) : see previous definition of 'PLUG_DOES_MIDI'
     1>c:\wdl-ol\iplugexamples\metamorpho\MIDIReceiver.h(7): warning C4068: unknown pragma (MIDIReceiver.cpp)
         Oscillator.cpp
         Voice.cpp
         VoiceManager.cpp
       ResourceCompile:
         C:\Program Files (x86)\Windows Kits\8.1\bin\x86\rc.exe /D SA_API /l"0x0409" /nologo /fo"build-win\app\Win32\Release\Metamorpho.res" Metamorpho.rc 
     1>resource.h(64): warning RC4005: 'PLUG_IS_INST' : redefinition
         
     1>resource.h(67): warning RC4005: 'PLUG_DOES_MIDI' : redefinition
         
     1>resource.h(99): warning RC4005: 'EFFECT_TYPE_VST3' : redefinition
         
       Link:
         C:\Program Files (x86)\Microsoft Visual Studio 12.0\VC\bin\link.exe /ERRORREPORT:PROMPT /OUT:"build-win\app\Win32\bin\Metamorpho.exe" /NOLOGO /LIBPATH:"C:\wdl-ol\IPlugExamples\Metamorpho\..\..\WDL\IPlug\build-win\Win32\Release\\" /LIBPATH:"C:\wdl-ol\IPlugExamples\Metamorpho\..\..\WDL\lice\build-win\Win32\Release\\" dsound.lib winmm.lib Comctl32.lib IPlug.lib lice.lib kernel32.lib user32.lib gdi32.lib winspool.lib comdlg32.lib advapi32.lib shell32.lib ole32.lib oleaut32.lib uuid.lib odbc32.lib odbccp32.lib /MANIFEST /MANIFESTUAC:"level='asInvoker' uiAccess='false'" /manifest:embed /DEBUG /PDB:"build-win\app\Win32\bin\Metamorpho.pdb" /SUBSYSTEM:WINDOWS /OPT:REF /OPT:ICF /LTCG /TLBID:1 /DYNAMICBASE /NXCOMPAT /IMPLIB:"build-win\app\Win32\bin\Metamorpho.lib" /MACHINE:X86 /SAFESEH "build-win\app\Win32\Release\Metamorpho.res"
         "build-win\app\Win32\Release\asio.obj"
         "build-win\app\Win32\Release\asiodrivers.obj"
         "build-win\app\Win32\Release\asiolist.obj"
         "build-win\app\Win32\Release\IPlugStandalone.obj"
         "build-win\app\Win32\Release\RtAudio.obj"
         "build-win\app\Win32\Release\RtMidi.obj"
         "build-win\app\Win32\Release\app_dialog.obj"
         "build-win\app\Win32\Release\app_main.obj"
         "build-win\app\Win32\Release\EnvelopeGenerator.obj"
         "build-win\app\Win32\Release\Filter.obj"
         "build-win\app\Win32\Release\Metamorpho.obj"
         "build-win\app\Win32\Release\MIDIReceiver.obj"
         "build-win\app\Win32\Release\Oscillator.obj"
         "build-win\app\Win32\Release\Voice.obj"
         "build-win\app\Win32\Release\VoiceManager.obj"
         Generating code
         Finished generating code
         Metamorpho-app.vcxproj -> C:\wdl-ol\IPlugExamples\Metamorpho\build-win\app\Win32\bin\Metamorpho.exe
     1>Done Building Project "C:\wdl-ol\IPlugExamples\Metamorpho\Metamorpho-app.vcxproj" (Build target(s)).

Build succeeded.

Time Elapsed 00:00:39.29
